2024-08-02T15:17:25.320Z info: Navigating to the login page...
2024-08-02T15:17:49.938Z info: Page loaded.
2024-08-02T15:17:53.220Z info: Attempting to login...
2024-08-02T15:17:57.672Z info: Login success
2024-08-02T15:17:57.695Z info: Extracting the link URL for item 5...
2024-08-02T15:18:01.064Z info: Opening the link URL...
2024-08-02T15:18:47.884Z info: Link page loaded.
2024-08-02T15:18:52.261Z info: Attempting to add the name
2024-08-02T15:18:52.295Z error: Adding name failed: Couldn't find name field or submit button
2024-08-02T15:20:29.813Z info: Navigating to the login page...
2024-08-02T15:20:43.493Z info: Page loaded.
2024-08-02T15:20:47.513Z info: Attempting to login...
2024-08-02T15:20:52.093Z info: Login success
2024-08-02T15:20:52.120Z info: Extracting the link URL for item 5...
2024-08-02T15:20:55.976Z info: Opening the link URL...
2024-08-02T15:21:38.873Z info: Link page loaded.
2024-08-02T15:21:43.738Z info: Attempting to add the name
2024-08-02T15:21:43.770Z error: Adding name failed: Couldn't find name field or submit button
2024-08-08T14:27:03.566Z [[32minfo[39m]: Navigating to the login page...
2024-08-08T14:27:19.866Z [[32minfo[39m]: Page loaded.
2024-08-08T14:27:23.601Z [[32minfo[39m]: Attempting to login...
2024-08-08T14:27:27.674Z [[32minfo[39m]: Login success
2024-08-08T14:27:27.675Z [[32minfo[39m]: Waiting for the list to appear...
2024-08-08T14:27:27.696Z [[32minfo[39m]: Opening the link Domestic Business Corporation and Domestic Limited Liability Company...
2024-08-08T14:27:31.481Z [[32minfo[39m]: Opening the Domestic Business Corporation and Domestic Limited Liability Company...
2024-08-08T14:27:33.597Z [[32minfo[39m]: Domestic Business Corporation and Domestic Limited Liability Company page loaded.
2024-08-08T14:27:37.820Z [[32minfo[39m]: Getting the URL for Articles of Organization for a Domestic Limited Liability Company (not for professional service limited liability companies)...
2024-08-08T14:27:42.351Z [[32minfo[39m]: Opening the Articles of Organization for a Domestic Limited Liability Company (not for professional service limited liability companies) URL...
2024-08-08T14:27:47.552Z [[32minfo[39m]: Articles of Organization for a Domestic Limited Liability Company (not for professional service limited liability companies) page loaded.
2024-08-08T14:27:50.682Z [[32minfo[39m]: Attempting to add the name
2024-08-08T14:27:59.251Z [[32minfo[39m]: Name added and continue button clicked.
2024-08-08T14:27:59.253Z [[32minfo[39m]: Filling the next page...
2024-08-08T14:27:59.280Z [[31merror[39m]: Error filling the next page: Couldn't find SOP fields
2024-08-08T14:27:59.281Z [[32minfo[39m]: Waiting for the preview page to be loaded...
2024-08-08T14:28:59.289Z [[31merror[39m]: Main function error: Waiting for selector `.page-6.app-EFILING` failed: Waiting failed: 60000ms exceeded
2024-08-08T14:29:23.034Z [[32minfo[39m]: Navigating to the login page...
2024-08-08T14:29:37.410Z [[32minfo[39m]: Page loaded.
2024-08-08T14:29:40.481Z [[32minfo[39m]: Attempting to login...
2024-08-08T14:29:44.129Z [[32minfo[39m]: Login success
2024-08-08T14:29:44.130Z [[32minfo[39m]: Waiting for the list to appear...
2024-08-08T14:29:44.145Z [[32minfo[39m]: Opening the link Domestic Business Corporation and Domestic Limited Liability Company...
2024-08-08T14:29:48.276Z [[32minfo[39m]: Opening the Domestic Business Corporation and Domestic Limited Liability Company...
2024-08-08T14:29:51.008Z [[32minfo[39m]: Domestic Business Corporation and Domestic Limited Liability Company page loaded.
2024-08-08T14:29:55.262Z [[32minfo[39m]: Getting the URL for Articles of Organization for a Domestic Limited Liability Company (not for professional service limited liability companies)...
2024-08-08T14:29:58.668Z [[32minfo[39m]: Opening the Articles of Organization for a Domestic Limited Liability Company (not for professional service limited liability companies) URL...
2024-08-08T14:30:07.358Z [[32minfo[39m]: Articles of Organization for a Domestic Limited Liability Company (not for professional service limited liability companies) page loaded.
2024-08-08T14:30:12.212Z [[32minfo[39m]: Attempting to add the name
2024-08-08T14:30:22.746Z [[32minfo[39m]: Name added and continue button clicked.
2024-08-08T14:30:22.748Z [[32minfo[39m]: Filling the next page...
2024-08-08T14:30:22.772Z [[31merror[39m]: Error filling the next page: Couldn't find SOP fields
2024-08-08T14:30:22.772Z [[32minfo[39m]: Waiting for the preview page to be loaded...
2024-08-08T14:31:22.781Z [[31merror[39m]: Main function error: Waiting for selector `.page-6.app-EFILING` failed: Waiting failed: 60000ms exceeded
2024-08-08T14:33:10.564Z [[32minfo[39m]: Navigating to the login page...
2024-08-08T14:33:25.051Z [[32minfo[39m]: Page loaded.
2024-08-08T14:33:29.364Z [[32minfo[39m]: Attempting to login...
2024-08-08T14:33:33.191Z [[32minfo[39m]: Login success
2024-08-08T14:33:33.192Z [[32minfo[39m]: Waiting for the list to appear...
2024-08-08T14:33:33.201Z [[32minfo[39m]: Opening the link Domestic Business Corporation and Domestic Limited Liability Company...
2024-08-08T14:33:37.100Z [[32minfo[39m]: Opening the Domestic Business Corporation and Domestic Limited Liability Company...
2024-08-08T14:33:39.763Z [[32minfo[39m]: Domestic Business Corporation and Domestic Limited Liability Company page loaded.
2024-08-08T14:33:44.630Z [[32minfo[39m]: Getting the URL for Articles of Organization for a Domestic Limited Liability Company (not for professional service limited liability companies)...
2024-08-08T14:33:48.827Z [[32minfo[39m]: Opening the Articles of Organization for a Domestic Limited Liability Company (not for professional service limited liability companies) URL...
2024-08-08T14:33:56.482Z [[32minfo[39m]: Articles of Organization for a Domestic Limited Liability Company (not for professional service limited liability companies) page loaded.
2024-08-08T14:34:00.696Z [[32minfo[39m]: Attempting to add the name
2024-08-08T14:34:08.330Z [[32minfo[39m]: Name added and continue button clicked.
2024-08-08T14:34:08.332Z [[32minfo[39m]: Filling the next page...
2024-08-08T14:34:08.367Z [[31merror[39m]: Error filling the next page: Couldn't find Organizer fields
2024-08-08T14:34:08.368Z [[32minfo[39m]: Waiting for the preview page to be loaded...
2024-08-08T14:35:08.381Z [[31merror[39m]: Main function error: Waiting for selector `.page-6.app-EFILING` failed: Waiting failed: 60000ms exceeded
2024-08-08T14:46:15.557Z [[32minfo[39m]: Navigating to the login page...
2024-08-08T14:46:33.626Z [[32minfo[39m]: Page loaded.
2024-08-08T14:46:37.216Z [[32minfo[39m]: Attempting to login...
2024-08-08T14:46:40.893Z [[32minfo[39m]: Login success
2024-08-08T14:46:40.894Z [[32minfo[39m]: Waiting for the list to appear...
2024-08-08T14:46:40.916Z [[32minfo[39m]: Opening the link Domestic Business Corporation and Domestic Limited Liability Company...
2024-08-08T14:46:45.858Z [[32minfo[39m]: Opening the Domestic Business Corporation and Domestic Limited Liability Company...
2024-08-08T14:46:48.248Z [[32minfo[39m]: Domestic Business Corporation and Domestic Limited Liability Company page loaded.
2024-08-08T14:46:51.453Z [[32minfo[39m]: Getting the URL for Articles of Organization for a Domestic Limited Liability Company (not for professional service limited liability companies)...
2024-08-08T14:46:56.234Z [[32minfo[39m]: Opening the Articles of Organization for a Domestic Limited Liability Company (not for professional service limited liability companies) URL...
2024-08-08T14:47:03.509Z [[32minfo[39m]: Articles of Organization for a Domestic Limited Liability Company (not for professional service limited liability companies) page loaded.
2024-08-08T14:47:07.547Z [[32minfo[39m]: Attempting to add the name
2024-08-08T14:47:16.109Z [[32minfo[39m]: Name added and continue button clicked.
2024-08-08T14:47:16.111Z [[32minfo[39m]: Filling the next page...
2024-08-08T14:47:16.138Z [[31merror[39m]: Error filling the next page: Couldn't find Organizer fields
2024-08-08T14:47:16.139Z [[32minfo[39m]: Waiting for the preview page to be loaded...
2024-08-08T14:48:16.158Z [[31merror[39m]: Main function error: Waiting for selector `.page-6.app-EFILING` failed: Waiting failed: 60000ms exceeded
2024-08-08T14:53:37.455Z [[32minfo[39m]: Navigating to the login page...
2024-08-08T14:53:51.649Z [[32minfo[39m]: Page loaded.
2024-08-08T14:53:56.384Z [[32minfo[39m]: Attempting to login...
2024-08-08T14:53:58.407Z [[32minfo[39m]: Login success
2024-08-08T14:53:58.409Z [[32minfo[39m]: Waiting for the list to appear...
2024-08-08T14:54:30.207Z [[31merror[39m]: Main function error: Waiting for selector `ul.t-LinksList` failed: Protocol error (Runtime.callFunctionOn): Target closed
2024-08-08T14:54:36.006Z [[32minfo[39m]: Navigating to the login page...
2024-08-08T14:54:50.393Z [[32minfo[39m]: Page loaded.
2024-08-08T14:54:54.686Z [[32minfo[39m]: Attempting to login...
2024-08-08T14:54:56.725Z [[32minfo[39m]: Login success
2024-08-08T14:54:56.725Z [[32minfo[39m]: Waiting for the list to appear...
2024-08-08T14:55:01.288Z [[31merror[39m]: Main function error: Waiting for selector `ul.t-LinksList` failed: Protocol error (Runtime.callFunctionOn): Target closed
2024-08-08T14:55:26.464Z [[32minfo[39m]: Navigating to the login page...
2024-08-08T14:55:35.964Z [[32minfo[39m]: Page loaded.
2024-08-08T14:55:39.344Z [[32minfo[39m]: Attempting to login...
2024-08-08T14:55:50.193Z [[31merror[39m]: Login failed: Couldn't find login elements
2024-08-08T14:55:50.193Z [[32minfo[39m]: Waiting for the list to appear...
2024-08-08T14:56:12.818Z [[32minfo[39m]: Navigating to the login page...
2024-08-08T14:56:26.798Z [[32minfo[39m]: Page loaded.
2024-08-08T14:56:30.432Z [[32minfo[39m]: Attempting to login...
2024-08-08T14:56:34.862Z [[32minfo[39m]: Login success
2024-08-08T14:56:34.863Z [[32minfo[39m]: Waiting for the list to appear...
2024-08-08T14:56:34.888Z [[32minfo[39m]: Opening the link Domestic Business Corporation and Domestic Limited Liability Company...
2024-08-08T14:56:39.284Z [[32minfo[39m]: Opening the Domestic Business Corporation and Domestic Limited Liability Company...
2024-08-08T14:56:42.865Z [[32minfo[39m]: Domestic Business Corporation and Domestic Limited Liability Company page loaded.
2024-08-08T14:56:46.938Z [[32minfo[39m]: Getting the URL for Articles of Organization for a Domestic Limited Liability Company (not for professional service limited liability companies)...
2024-08-08T14:56:51.542Z [[32minfo[39m]: Opening the Articles of Organization for a Domestic Limited Liability Company (not for professional service limited liability companies) URL...
2024-08-08T14:56:59.943Z [[32minfo[39m]: Articles of Organization for a Domestic Limited Liability Company (not for professional service limited liability companies) page loaded.
2024-08-08T14:57:02.999Z [[32minfo[39m]: Attempting to add the name
2024-08-08T14:57:09.382Z [[32minfo[39m]: Name added and continue button clicked.
2024-08-08T14:57:09.384Z [[32minfo[39m]: Filling the next page...
2024-08-08T14:57:09.409Z [[31merror[39m]: Error filling the next page: Couldn't find Organizer fields
2024-08-08T14:57:09.409Z [[32minfo[39m]: Waiting for the preview page to be loaded...
2024-08-08T14:58:09.433Z [[31merror[39m]: Main function error: Waiting for selector `.page-6.app-EFILING` failed: Waiting failed: 60000ms exceeded
2024-08-08T15:01:09.203Z [info]: Navigating to the login page...
2024-08-08T15:01:22.466Z [info]: Page loaded.
2024-08-08T15:01:27.247Z [info]: Attempting to login...
2024-08-08T15:01:32.156Z [info]: Login success
2024-08-08T15:01:32.156Z [info]: Waiting for the list to appear...
2024-08-08T15:01:32.182Z [info]: Opening the link Domestic Business Corporation and Domestic Limited Liability Company...
2024-08-08T15:01:37.073Z [info]: Opening the Domestic Business Corporation and Domestic Limited Liability Company...
2024-08-08T15:01:40.450Z [info]: Domestic Business Corporation and Domestic Limited Liability Company page loaded.
2024-08-08T15:01:43.487Z [info]: Getting the URL for Articles of Organization for a Domestic Limited Liability Company (not for professional service limited liability companies)...
2024-08-08T15:01:47.811Z [info]: Opening the Articles of Organization for a Domestic Limited Liability Company (not for professional service limited liability companies) URL...
2024-08-08T15:01:48.729Z [error]: Main function error: net::ERR_CONNECTION_RESET at https://filings.dos.ny.gov/ords/corpanc/r/efiling/2?p2_filing_type=DLLC&p2_tra_record_id=&clear=RP,NAME_DETERMINATION,2,22&session=16517951637483
2024-08-08T15:04:20.359Z [info]: Navigating to the login page...
2024-08-08T15:04:36.576Z [info]: Page loaded.
2024-08-08T15:04:40.184Z [info]: Attempting to login...
2024-08-08T15:04:44.290Z [info]: Login success
2024-08-08T15:04:44.291Z [info]: Waiting for the list to appear...
2024-08-08T15:04:44.315Z [info]: Opening the link Domestic Business Corporation and Domestic Limited Liability Company...
2024-08-08T15:04:49.206Z [info]: Opening the Domestic Business Corporation and Domestic Limited Liability Company...
2024-08-08T15:04:52.266Z [info]: Domestic Business Corporation and Domestic Limited Liability Company page loaded.
2024-08-08T15:04:56.023Z [info]: Getting the URL for Articles of Organization for a Domestic Limited Liability Company (not for professional service limited liability companies)...
2024-08-08T15:05:01.033Z [info]: Opening the Articles of Organization for a Domestic Limited Liability Company (not for professional service limited liability companies) URL...
2024-08-08T15:05:02.026Z [error]: Main function error: net::ERR_CONNECTION_RESET at https://filings.dos.ny.gov/ords/corpanc/r/efiling/2?p2_filing_type=DLLC&p2_tra_record_id=&clear=RP,NAME_DETERMINATION,2,22&session=15018040308840
2024-08-08T15:20:42.317Z [info]: Navigating to the login page...
2024-08-08T15:20:56.988Z [info]: Page loaded.
2024-08-08T15:21:01.470Z [info]: Attempting to login...
2024-08-08T15:21:04.447Z [info]: Login success
2024-08-08T15:21:04.448Z [info]: Waiting for the list to appear...
2024-08-08T15:21:04.473Z [info]: Opening the link Domestic Business Corporation and Domestic Limited Liability Company...
2024-08-08T15:21:08.044Z [info]: Opening the Domestic Business Corporation and Domestic Limited Liability Company...
2024-08-08T15:21:11.142Z [info]: Domestic Business Corporation and Domestic Limited Liability Company page loaded.
2024-08-08T15:21:14.226Z [info]: Getting the URL for Articles of Organization for a Domestic Limited Liability Company (not for professional service limited liability companies)...
2024-08-08T15:21:18.355Z [info]: Opening the Articles of Organization for a Domestic Limited Liability Company (not for professional service limited liability companies) URL...
2024-08-08T15:21:26.245Z [info]: Articles of Organization for a Domestic Limited Liability Company (not for professional service limited liability companies) page loaded.
2024-08-08T15:21:29.691Z [info]: Attempting to add the name
2024-08-08T15:21:41.229Z [info]: Name added successfully
2024-08-08T15:21:41.230Z [info]: Waiting for the preview page to be loaded...
2024-08-08T15:22:41.237Z [error]: Main function error: Waiting for selector `.page-6.app-EFILING` failed: Waiting failed: 60000ms exceeded
2024-08-08T15:23:24.510Z [info]: Navigating to the login page...
2024-08-08T15:23:37.556Z [info]: Page loaded.
2024-08-08T15:23:42.346Z [info]: Attempting to login...
2024-08-08T15:23:45.394Z [info]: Login success
2024-08-08T15:23:45.395Z [info]: Waiting for the list to appear...
2024-08-08T15:23:45.420Z [info]: Opening the link Domestic Business Corporation and Domestic Limited Liability Company...
2024-08-08T15:23:49.550Z [info]: Opening the Domestic Business Corporation and Domestic Limited Liability Company...
2024-08-08T15:23:52.316Z [info]: Domestic Business Corporation and Domestic Limited Liability Company page loaded.
2024-08-08T15:23:56.112Z [info]: Getting the URL for Articles of Organization for a Domestic Limited Liability Company (not for professional service limited liability companies)...
2024-08-08T15:24:00.284Z [info]: Opening the Articles of Organization for a Domestic Limited Liability Company (not for professional service limited liability companies) URL...
2024-08-08T15:24:05.369Z [info]: Articles of Organization for a Domestic Limited Liability Company (not for professional service limited liability companies) page loaded.
2024-08-08T15:24:09.523Z [info]: Attempting to add the name
2024-08-08T15:24:17.507Z [info]: Name added successfully
2024-08-08T15:24:17.508Z [info]: Waiting for the preview page to be loaded...
2024-08-08T15:25:17.534Z [error]: Main function error: Waiting for selector `.page-6.app-EFILING` failed: Waiting failed: 60000ms exceeded
