[32minfo[39m: Navigating to the login page...
[32minfo[39m: Page loaded.
[32minfo[39m: Attempting to login...
[32minfo[39m: Login success
[32minfo[39m: Waiting for the list to appear...
[32minfo[39m: Extracting the first link URL...
[32minfo[39m: Opening the first link URL...
[32minfo[39m: First link page loaded.
[32minfo[39m: Extracting the second link URL...
[32minfo[39m: Opening the second link URL...
[32minfo[39m: Second link page loaded.
[32minfo[39m: Attempting to add the name
[32minfo[39m: Name added and continue button clicked.
[32minfo[39m: Filling the next page...
[32minfo[39m: Checkbox and fields set.
[32minfo[39m: Filling the additional fields...
[31merror[39m: Filling additional fields failed: Cannot set properties of null (setting 'value') {"name":"TypeError","stack":"TypeError: Cannot set properties of null (setting 'value')\n    at evaluate (evaluate at PuppeteerScraper.fillAdditionalFields (D:\\undetected_chrome\\app.js:501:29), <anonymous>:23:75)\n    at #evaluate (D:\\undetected_chrome\\node_modules\\puppeteer-core\\lib\\cjs\\puppeteer\\cdp\\ExecutionContext.js:386:56)\n    at async ExecutionContext.evaluate (D:\\undetected_chrome\\node_modules\\puppeteer-core\\lib\\cjs\\puppeteer\\cdp\\ExecutionContext.js:273:16)\n    at async IsolatedWorld.evaluate (D:\\undetected_chrome\\node_modules\\puppeteer-core\\lib\\cjs\\puppeteer\\cdp\\IsolatedWorld.js:99:16)\n    at async CdpFrame.evaluate (D:\\undetected_chrome\\node_modules\\puppeteer-core\\lib\\cjs\\puppeteer\\api\\Frame.js:338:20)\n    at async CdpPage.evaluate (D:\\undetected_chrome\\node_modules\\puppeteer-core\\lib\\cjs\\puppeteer\\api\\Page.js:826:20)\n    at async PuppeteerScraper.fillAdditionalFields (D:\\undetected_chrome\\app.js:501:13)\n    at async PuppeteerScraper.fillNextPage (D:\\undetected_chrome\\app.js:489:13)\n    at async PuppeteerScraper.addData (D:\\undetected_chrome\\app.js:459:13)\n    at async D:\\undetected_chrome\\app.js:578:9"}
[32minfo[39m: Navigating to the login page...
[32minfo[39m: Page loaded.
[32minfo[39m: Attempting to login...
[32minfo[39m: Login success
[32minfo[39m: Waiting for the list to appear...
[32minfo[39m: Extracting the first link URL...
[32minfo[39m: Opening the first link URL...
[32minfo[39m: First link page loaded.
[32minfo[39m: Extracting the second link URL...
[32minfo[39m: Opening the second link URL...
[32minfo[39m: Second link page loaded.
[32minfo[39m: Attempting to add the name
[32minfo[39m: Name added and continue button clicked.
[32minfo[39m: Filling the next page...
[32minfo[39m: Checkbox and fields set.
[32minfo[39m: Filling the additional fields...
[31merror[39m: Filling additional fields failed: Cannot set properties of null (setting 'value') {"name":"TypeError","stack":"TypeError: Cannot set properties of null (setting 'value')\n    at evaluate (evaluate at PuppeteerScraper.fillAdditionalFields (D:\\undetected_chrome\\app.js:501:29), <anonymous>:23:75)\n    at #evaluate (D:\\undetected_chrome\\node_modules\\puppeteer-core\\lib\\cjs\\puppeteer\\cdp\\ExecutionContext.js:386:56)\n    at async ExecutionContext.evaluate (D:\\undetected_chrome\\node_modules\\puppeteer-core\\lib\\cjs\\puppeteer\\cdp\\ExecutionContext.js:273:16)\n    at async IsolatedWorld.evaluate (D:\\undetected_chrome\\node_modules\\puppeteer-core\\lib\\cjs\\puppeteer\\cdp\\IsolatedWorld.js:99:16)\n    at async CdpFrame.evaluate (D:\\undetected_chrome\\node_modules\\puppeteer-core\\lib\\cjs\\puppeteer\\api\\Frame.js:338:20)\n    at async CdpPage.evaluate (D:\\undetected_chrome\\node_modules\\puppeteer-core\\lib\\cjs\\puppeteer\\api\\Page.js:826:20)\n    at async PuppeteerScraper.fillAdditionalFields (D:\\undetected_chrome\\app.js:501:13)\n    at async PuppeteerScraper.fillNextPage (D:\\undetected_chrome\\app.js:489:13)\n    at async PuppeteerScraper.addData (D:\\undetected_chrome\\app.js:459:13)\n    at async D:\\undetected_chrome\\app.js:578:9"}
